1611762249170:init
1611832366689:help
1611840587199:init
1611845467021:asasf
1611845587175:init
1611845633139:i
1611845923054:Y
1611845926655:N
1611845934294:1
1611846261064:[]d
1611846264472:[sdfsdf]
1611846269882:[ sfasdf
1611846276029:onw sdfa
1611846279149:one --sdf
1611846285834:init
1611846290005:i
1611846294003:i asdf
1611846319023:[ ]sadf
1611979878395:init
1611980464236:oxygen set name=xxx
1611983609436:init
1611983679492:oxygen set name=zhangsan
1611983691536:oxygen set group=xxx
1611983761316:oxygen set localPath=D://
1611983782443:oxygen set description= 测试项目初始化
1611983794304:oxygen set description=测试项目初始化
1611983806592:oxygen set packageName=test
1611983817864:init
1611983835519:oxygen set artifact=001
1611983837433:init
1611983907658:oxygen set name=test001
1611983920650:init
1612843974872:oxygen set group=com.demo.b
1612844033245:init
1612844044591:oxygen set group=com.demo.a
1612844080827:init
1612844132577:oxygen set group=com.demo.a
1612844190553:init
1612844213756:oxygen set group=com.demo.system
1612844523040:init
1612844611126:oxygen set group=com.demo.a
1612844621804:oxygen set name= zhangasan
1612844641071:oxygen set name=zhangsan
1612844654541:oxygen set localPath=D:/
1612844667326:oxygen set artifact=demo
1612844705335:init
1612845059264:A
